Program Version,EnergyPlus, Version 23.1.0-87ed9199d4, YMD=2023.08.11 12:58,
   ************* Beginning Zone Sizing Calculations
   ** Warning ** ProcessScheduleInput: Schedule:Constant="ALWAYS OFF DISCRETE", Blank Schedule Type Limits Name input -- will not be validated.
   ** Warning ** ProcessScheduleInput: Schedule:Constant="ALWAYS ON CONTINUOUS", Blank Schedule Type Limits Name input -- will not be validated.
   ** Warning ** GetHTSurfaceData: Surfaces with interface to Ground found but no "Ground Temperatures" were input.
   **   ~~~   ** Found first in surface=FACE 0
   **   ~~~   ** Defaults, constant throughout the year of (18.0) will be used.
   ** Warning ** GetSurfaceData: There are 12 coincident/collinear vertices; These have been deleted unless the deletion would bring the number of surface sides < 3.
   **   ~~~   ** For explicit details on each problem surface, use Output:Diagnostics,DisplayExtraWarnings;
   ** Warning ** CheckUsedConstructions: There are 8 nominally unused constructions in input.
   **   ~~~   ** For explicit details on each unused construction, use Output:Diagnostics,DisplayExtraWarnings;
   ** Warning ** Calculated design cooling load for zone=THERMAL ZONE 1 is zero.
   **   ~~~   ** Check Sizing:Zone and ZoneControl:Thermostat inputs.
   ** Warning ** Calculated design cooling load for zone=THERMAL ZONE 2 is zero.
   **   ~~~   ** Check Sizing:Zone and ZoneControl:Thermostat inputs.
   ** Warning ** Calculated design cooling load for zone=THERMAL ZONE 3 is zero.
   **   ~~~   ** Check Sizing:Zone and ZoneControl:Thermostat inputs.
   ** Warning ** Calculated design cooling load for zone=THERMAL ZONE 4 is zero.
   **   ~~~   ** Check Sizing:Zone and ZoneControl:Thermostat inputs.
   ** Warning ** Calculated design cooling load for zone=THERMAL ZONE 5 is zero.
   **   ~~~   ** Check Sizing:Zone and ZoneControl:Thermostat inputs.
   ** Warning ** Calculated design cooling load for zone=THERMAL ZONE 6 is zero.
   **   ~~~   ** Check Sizing:Zone and ZoneControl:Thermostat inputs.
   ************* Beginning System Sizing Calculations
   ** Warning ** ManageSizing: For a plant sizing run, there must be at least 1 Sizing:Plant object input. SimulationControl Plant Sizing option ignored.
   ** Warning ** GetOAControllerInputs: Controller:MechanicalVentilation="CONTROLLER MECHANICAL VENTILATION 1"
   **   ~~~   ** Cannot locate a matching DesignSpecification:ZoneAirDistribution object for Zone="THERMAL ZONE 1".
   **   ~~~   ** Using default zone air distribution effectiveness of 1.0 for heating and cooling.
   ** Warning ** GetOAControllerInputs: Controller:MechanicalVentilation="CONTROLLER MECHANICAL VENTILATION 2"
   **   ~~~   ** Cannot locate a matching DesignSpecification:ZoneAirDistribution object for Zone="THERMAL ZONE 2".
   **   ~~~   ** Using default zone air distribution effectiveness of 1.0 for heating and cooling.
   ** Warning ** GetOAControllerInputs: Controller:MechanicalVentilation="CONTROLLER MECHANICAL VENTILATION 3"
   **   ~~~   ** Cannot locate a matching DesignSpecification:ZoneAirDistribution object for Zone="THERMAL ZONE 3".
   **   ~~~   ** Using default zone air distribution effectiveness of 1.0 for heating and cooling.
   ** Warning ** GetOAControllerInputs: Controller:MechanicalVentilation="CONTROLLER MECHANICAL VENTILATION 4"
   **   ~~~   ** Cannot locate a matching DesignSpecification:ZoneAirDistribution object for Zone="THERMAL ZONE 4".
   **   ~~~   ** Using default zone air distribution effectiveness of 1.0 for heating and cooling.
   ** Warning ** GetOAControllerInputs: Controller:MechanicalVentilation="CONTROLLER MECHANICAL VENTILATION 5"
   **   ~~~   ** Cannot locate a matching DesignSpecification:ZoneAirDistribution object for Zone="THERMAL ZONE 5".
   **   ~~~   ** Using default zone air distribution effectiveness of 1.0 for heating and cooling.
   ** Warning ** GetOAControllerInputs: Controller:MechanicalVentilation="CONTROLLER MECHANICAL VENTILATION 6"
   **   ~~~   ** Cannot locate a matching DesignSpecification:ZoneAirDistribution object for Zone="T